<?xml version="1.0" encoding="UTF-8"?>
<testsuite xmlns:xsi="http://www.w3.org/2001/XMLSchema-instance" xsi:noNamespaceSchemaLocation="https://maven.apache.org/surefire/maven-surefire-plugin/xsd/surefire-test-report.xsd" name="com.moduLearn.learn.AppTest" time="0.021" tests="1" errors="0" skipped="0" failures="0">
  <properties>
    <property name="java.specification.version" value="14"/>
    <property name="sun.jnu.encoding" value="UTF-8"/>
    <property name="java.class.path" value="/Users/madhurish.nitish/Desktop/Flipkart/Learn/DependencyInjection/target/test-classes:/Users/madhurish.nitish/Desktop/Flipkart/Learn/DependencyInjection/target/classes:/Users/madhurish.nitish/.m2/repository/org/projectlombok/lombok/1.18.12/lombok-1.18.12.jar:/Users/madhurish.nitish/.m2/repository/com/google/inject/guice/4.2.3/guice-4.2.3.jar:/Users/madhurish.nitish/.m2/repository/javax/inject/javax.inject/1/javax.inject-1.jar:/Users/madhurish.nitish/.m2/repository/aopalliance/aopalliance/1.0/aopalliance-1.0.jar:/Users/madhurish.nitish/.m2/repository/com/google/guava/guava/27.1-jre/guava-27.1-jre.jar:/Users/madhurish.nitish/.m2/repository/com/google/guava/failureaccess/1.0.1/failureaccess-1.0.1.jar:/Users/madhurish.nitish/.m2/repository/com/google/guava/listenablefuture/9999.0-empty-to-avoid-conflict-with-guava/listenablefuture-9999.0-empty-to-avoid-conflict-with-guava.jar:/Users/madhurish.nitish/.m2/repository/com/google/code/findbugs/jsr305/3.0.2/jsr305-3.0.2.jar:/Users/madhurish.nitish/.m2/repository/org/checkerframework/checker-qual/2.5.2/checker-qual-2.5.2.jar:/Users/madhurish.nitish/.m2/repository/com/google/errorprone/error_prone_annotations/2.2.0/error_prone_annotations-2.2.0.jar:/Users/madhurish.nitish/.m2/repository/com/google/j2objc/j2objc-annotations/1.1/j2objc-annotations-1.1.jar:/Users/madhurish.nitish/.m2/repository/org/codehaus/mojo/animal-sniffer-annotations/1.17/animal-sniffer-annotations-1.17.jar:/Users/madhurish.nitish/.m2/repository/junit/junit/4.11/junit-4.11.jar:/Users/madhurish.nitish/.m2/repository/org/hamcrest/hamcrest-core/1.3/hamcrest-core-1.3.jar:"/>
    <property name="java.vm.vendor" value="Oracle Corporation"/>
    <property name="sun.arch.data.model" value="64"/>
    <property name="java.vendor.url" value="https://openjdk.java.net/"/>
    <property name="os.name" value="Mac OS X"/>
    <property name="java.vm.specification.version" value="14"/>
    <property name="sun.java.launcher" value="SUN_STANDARD"/>
    <property name="user.country" value="IN"/>
    <property name="sun.boot.library.path" value="/usr/local/Cellar/openjdk/14.0.1/libexec/openjdk.jdk/Contents/Home/lib"/>
    <property name="sun.java.command" value="/Users/madhurish.nitish/Desktop/Flipkart/Learn/DependencyInjection/target/surefire/surefirebooter7162948646264441083.jar /Users/madhurish.nitish/Desktop/Flipkart/Learn/DependencyInjection/target/surefire 2020-08-11T14-53-43_036-jvmRun1 surefire3622813704062413661tmp surefire_013668018103772667365tmp"/>
    <property name="http.nonProxyHosts" value="local|*.local|169.254/16|*.169.254/16"/>
    <property name="jdk.debug" value="release"/>
    <property name="surefire.test.class.path" value="/Users/madhurish.nitish/Desktop/Flipkart/Learn/DependencyInjection/target/test-classes:/Users/madhurish.nitish/Desktop/Flipkart/Learn/DependencyInjection/target/classes:/Users/madhurish.nitish/.m2/repository/org/projectlombok/lombok/1.18.12/lombok-1.18.12.jar:/Users/madhurish.nitish/.m2/repository/com/google/inject/guice/4.2.3/guice-4.2.3.jar:/Users/madhurish.nitish/.m2/repository/javax/inject/javax.inject/1/javax.inject-1.jar:/Users/madhurish.nitish/.m2/repository/aopalliance/aopalliance/1.0/aopalliance-1.0.jar:/Users/madhurish.nitish/.m2/repository/com/google/guava/guava/27.1-jre/guava-27.1-jre.jar:/Users/madhurish.nitish/.m2/repository/com/google/guava/failureaccess/1.0.1/failureaccess-1.0.1.jar:/Users/madhurish.nitish/.m2/repository/com/google/guava/listenablefuture/9999.0-empty-to-avoid-conflict-with-guava/listenablefuture-9999.0-empty-to-avoid-conflict-with-guava.jar:/Users/madhurish.nitish/.m2/repository/com/google/code/findbugs/jsr305/3.0.2/jsr305-3.0.2.jar:/Users/madhurish.nitish/.m2/repository/org/checkerframework/checker-qual/2.5.2/checker-qual-2.5.2.jar:/Users/madhurish.nitish/.m2/repository/com/google/errorprone/error_prone_annotations/2.2.0/error_prone_annotations-2.2.0.jar:/Users/madhurish.nitish/.m2/repository/com/google/j2objc/j2objc-annotations/1.1/j2objc-annotations-1.1.jar:/Users/madhurish.nitish/.m2/repository/org/codehaus/mojo/animal-sniffer-annotations/1.17/animal-sniffer-annotations-1.17.jar:/Users/madhurish.nitish/.m2/repository/junit/junit/4.11/junit-4.11.jar:/Users/madhurish.nitish/.m2/repository/org/hamcrest/hamcrest-core/1.3/hamcrest-core-1.3.jar:"/>
    <property name="sun.cpu.endian" value="little"/>
    <property name="user.home" value="/Users/madhurish.nitish"/>
    <property name="user.language" value="en"/>
    <property name="java.specification.vendor" value="Oracle Corporation"/>
    <property name="java.version.date" value="2020-04-14"/>
    <property name="java.home" value="/usr/local/Cellar/openjdk/14.0.1/libexec/openjdk.jdk/Contents/Home"/>
    <property name="file.separator" value="/"/>
    <property name="basedir" value="/Users/madhurish.nitish/Desktop/Flipkart/Learn/DependencyInjection"/>
    <property name="java.vm.compressedOopsMode" value="Zero based"/>
    <property name="line.separator" value="&#10;"/>
    <property name="java.specification.name" value="Java Platform API Specification"/>
    <property name="java.vm.specification.vendor" value="Oracle Corporation"/>
    <property name="surefire.real.class.path" value="/Users/madhurish.nitish/Desktop/Flipkart/Learn/DependencyInjection/target/surefire/surefirebooter7162948646264441083.jar"/>
    <property name="sun.management.compiler" value="HotSpot 64-Bit Tiered Compilers"/>
    <property name="ftp.nonProxyHosts" value="local|*.local|169.254/16|*.169.254/16"/>
    <property name="java.runtime.version" value="14.0.1+14"/>
    <property name="user.name" value="madhurish.nitish"/>
    <property name="path.separator" value=":"/>
    <property name="os.version" value="10.14.6"/>
    <property name="java.runtime.name" value="OpenJDK Runtime Environment"/>
    <property name="file.encoding" value="US-ASCII"/>
    <property name="java.vm.name" value="OpenJDK 64-Bit Server VM"/>
    <property name="localRepository" value="/Users/madhurish.nitish/.m2/repository"/>
    <property name="java.vendor.url.bug" value="https://bugreport.java.com/bugreport/"/>
    <property name="java.io.tmpdir" value="/var/folders/6q/sz4yx5n16hz18stbfhyt4_lctz7wlv/T/"/>
    <property name="java.version" value="14.0.1"/>
    <property name="user.dir" value="/Users/madhurish.nitish/Desktop/Flipkart/Learn/DependencyInjection"/>
    <property name="os.arch" value="x86_64"/>
    <property name="java.vm.specification.name" value="Java Virtual Machine Specification"/>
    <property name="java.library.path" value="/Users/madhurish.nitish/Library/Java/Extensions:/Library/Java/Extensions:/Network/Library/Java/Extensions:/System/Library/Java/Extensions:/usr/lib/java:."/>
    <property name="java.vm.info" value="mixed mode, sharing"/>
    <property name="java.vendor" value="N/A"/>
    <property name="java.vm.version" value="14.0.1+14"/>
    <property name="sun.io.unicode.encoding" value="UnicodeBig"/>
    <property name="socksNonProxyHosts" value="local|*.local|169.254/16|*.169.254/16"/>
    <property name="java.class.version" value="58.0"/>
  </properties>
  <testcase name="shouldAnswerWithTrue" classname="com.moduLearn.learn.AppTest" time="0.001"/>
</testsuite>